<?xml version="1.0" encoding="UTF-8"?>
<!-- Generated by org.testng.reporters.JUnitReportReporter -->
<testsuite skipped="0" hostname="LAPTOP-E20AETQ6" name="Assesment.TestAmazon" tests="1" failures="0" timestamp="23 Oct 2020 11:31:02 GMT" time="34.314" errors="0">
  <testcase name="Amaze" time="34.314" classname="Assesment.TestAmazon"/>
</testsuite> <!-- Assesment.TestAmazon -->
